<?xml version="1.0" encoding="UTF-8"?>
<!-- Generated by org.testng.reporters.JUnitReportReporter -->
<testsuite hostname="DESKTOP-22IL9GP" failures="0" tests="1" name="testNG.ToVerifyHomePageForTestng" time="6.902" errors="0" timestamp="2023-05-13T22:54:21 IST" skipped="0">
  <testcase classname="testNG.ToVerifyHomePageForTestng" name="verifyTitle" time="6.902"/>
  <system-out/>
</testsuite> <!-- testNG.ToVerifyHomePageForTestng -->
