<?xml version="1.0" encoding="UTF-8"?>
<!-- Generated by org.testng.reporters.JUnitReportReporter -->
<testsuite hostname="DESKTOP-22IL9GP" failures="0" tests="1" name="testNG.OrderOfExecutionFromDifferentClass" time="0.009" errors="0" timestamp="2023-05-13T15:02:07 IST" skipped="0">
  <testcase classname="testNG.OrderOfExecutionFromDifferentClass" name="toOrderIphone12" time="0.009"/>
  <system-out/>
</testsuite> <!-- testNG.OrderOfExecutionFromDifferentClass -->
