<?xml version="1.0" encoding="UTF-8"?>
<!-- Generated by org.testng.reporters.JUnitReportReporter -->
<testsuite hostname="DESKTOP-22IL9GP" failures="0" tests="1" name="testNG.ToNavigateToFacebook" time="5.800" errors="0" timestamp="2023-05-13T18:30:11 IST" skipped="0">
  <testcase classname="testNG.ToNavigateToFacebook" name="toNavFacebook" time="5.800"/>
  <system-out/>
</testsuite> <!-- testNG.ToNavigateToFacebook -->
