<?xml version="1.0" encoding="UTF-8"?>
<!-- Generated by org.testng.reporters.JUnitReportReporter -->
<testsuite hostname="DESKTOP-22IL9GP" failures="0" tests="15" name="testNG.ClassC" time="0.066" errors="0" timestamp="2023-05-13T12:27:52 IST" skipped="0">
  <testcase classname="testNG.ClassC" name="pyspiders" time="0.001"/>
  <system-out/>
  <testcase classname="testNG.ClassC" name="pyspiders" time="0.003"/>
  <system-out/>
  <testcase classname="testNG.ClassC" name="pyspiders" time="0.002"/>
  <system-out/>
  <testcase classname="testNG.ClassC" name="pyspiders" time="0.002"/>
  <system-out/>
  <testcase classname="testNG.ClassC" name="pyspiders" time="0.001"/>
  <system-out/>
  <testcase classname="testNG.ClassC" name="pyspiders" time="0.001"/>
  <system-out/>
  <testcase classname="testNG.ClassC" name="pyspiders" time="0.003"/>
  <system-out/>
  <testcase classname="testNG.ClassC" name="pyspiders" time="0.001"/>
  <system-out/>
  <testcase classname="testNG.ClassC" name="qspiders" time="0.002"/>
  <system-out/>
  <testcase classname="testNG.ClassC" name="qspiders" time="0.001"/>
  <system-out/>
  <testcase classname="testNG.ClassC" name="qspiders" time="0.010"/>
  <system-out/>
  <testcase classname="testNG.ClassC" name="qspiders" time="0.018"/>
  <system-out/>
  <testcase classname="testNG.ClassC" name="qspiders" time="0.018"/>
  <system-out/>
  <testcase classname="testNG.ClassC" name="jspiders" time="0.002"/>
  <system-out/>
  <testcase classname="testNG.ClassC" name="jspiders" time="0.001"/>
  <system-out/>
</testsuite> <!-- testNG.ClassC -->
