<?xml version="1.0" encoding="UTF-8"?>
<!-- Generated by org.testng.reporters.JUnitReportReporter -->
<testsuite hostname="DESKTOP-22IL9GP" failures="0" tests="1" name="testNG.ToOrderAProductFromFlipkart" time="0.011" errors="0" timestamp="2023-05-13T15:02:07 IST" skipped="0">
  <testcase classname="testNG.ToOrderAProductFromFlipkart" name="toOrderIphone14" time="0.011"/>
  <system-out/>
</testsuite> <!-- testNG.ToOrderAProductFromFlipkart -->
