<?xml version="1.0" encoding="UTF-8"?>
<!-- Generated by org.testng.reporters.JUnitReportReporter -->
<testsuite hostname="DESKTOP-22IL9GP" failures="0" tests="2" name="testNG.ClassE" time="0.013" errors="0" timestamp="2023-05-13T22:51:54 IST" skipped="0">
  <testcase classname="testNG.ClassE" name="b" time="0.011"/>
  <system-out/>
  <testcase classname="testNG.ClassE" name="c" time="0.002"/>
  <system-out/>
</testsuite> <!-- testNG.ClassE -->
