<?xml version="1.0" encoding="UTF-8"?>
<!-- Generated by org.testng.reporters.JUnitReportReporter -->
<testsuite hostname="DESKTOP-22IL9GP" failures="0" tests="2" name="testNG.ClassA" time="0.003" errors="0" timestamp="2023-05-13T12:27:52 IST" skipped="0">
  <testcase classname="testNG.ClassA" name="demo2" time="0.001"/>
  <system-out/>
  <testcase classname="testNG.ClassA" name="demo1" time="0.002"/>
  <system-out/>
</testsuite> <!-- testNG.ClassA -->
