<?xml version="1.0" encoding="UTF-8"?>
<!-- Generated by org.testng.reporters.JUnitReportReporter -->
<testsuite hostname="DESKTOP-22IL9GP" failures="0" tests="2" name="testNG.OrderOfExecutionFromSameClass" time="0.017" errors="0" timestamp="2023-05-13T14:54:56 IST" skipped="0">
  <testcase classname="testNG.OrderOfExecutionFromSameClass" name="toOrderIphone14" time="0.007"/>
  <system-out/>
  <testcase classname="testNG.OrderOfExecutionFromSameClass" name="toOrderIphone13" time="0.010"/>
  <system-out/>
</testsuite> <!-- testNG.OrderOfExecutionFromSameClass -->
