<?xml version="1.0" encoding="UTF-8"?>
<!-- Generated by org.testng.reporters.JUnitReportReporter -->
<testsuite hostname="DESKTOP-22IL9GP" failures="0" tests="2" name="_____practice_____.CrossBrowserTestingWithTestng" time="40.641" errors="0" timestamp="2023-05-15T21:16:51 IST" skipped="0">
  <testcase classname="_____practice_____.CrossBrowserTestingWithTestng" name="demo" time="22.853"/>
  <system-out/>
  <testcase classname="_____practice_____.CrossBrowserTestingWithTestng" name="demo" time="17.788"/>
  <system-out/>
</testsuite> <!-- _____practice_____.CrossBrowserTestingWithTestng -->
