<?xml version="1.0" encoding="UTF-8"?>
<!-- Generated by org.testng.reporters.JUnitReportReporter -->
<testsuite hostname="DESKTOP-22IL9GP" failures="0" tests="3" name="testNG.ClassF" time="0.019" errors="0" timestamp="2023-05-13T13:21:05 IST" skipped="1">
  <testcase classname="testNG.ClassF" name="d" time="0.006"/>
  <system-out/>
  <testcase classname="testNG.ClassF" name="b" time="0.013"/>
  <system-out/>
  <testcase classname="testNG.ClassF" name="a">
    <skipped/>
  </testcase> <!-- a -->
  <system-out/>
</testsuite> <!-- testNG.ClassF -->
