<?xml version="1.0" encoding="UTF-8"?>
<!-- Generated by org.testng.reporters.JUnitReportReporter -->
<testsuite hostname="DESKTOP-22IL9GP" failures="0" tests="1" name="_____practice_____.ToOrderAProductFromAmazon" time="0.012" errors="0" timestamp="2023-05-13T15:01:42 IST" skipped="0">
  <testcase classname="_____practice_____.ToOrderAProductFromAmazon" name="toOrderIphone" time="0.012"/>
  <system-out/>
</testsuite> <!-- _____practice_____.ToOrderAProductFromAmazon -->
