<?xml version="1.0" encoding="UTF-8"?>
<!-- Generated by org.testng.reporters.JUnitReportReporter -->
<testsuite hostname="DESKTOP-22IL9GP" failures="0" tests="1" name="testNG.ToNavigateToGoogle" time="6.274" errors="0" timestamp="2023-05-13T18:30:11 IST" skipped="0">
  <testcase classname="testNG.ToNavigateToGoogle" name="toNavGoogle" time="6.274"/>
  <system-out/>
</testsuite> <!-- testNG.ToNavigateToGoogle -->
